0 silly argv {
0 silly argv   _: [ 'create' ],
0 silly argv   lernaVersion: '6.0.3',
0 silly argv   '$0': '/Users/rnatesh/Projects/login-demo/node_modules/.bin/lerna',
0 silly argv   name: 'test'
0 silly argv }
1 notice cli v6.0.3
2 verbose rootPath /Users/rnatesh/Projects/login-demo
3 error Error: canceled
3 error     at Interface.<anonymous> (/Users/rnatesh/Projects/login-demo/node_modules/read/lib/read.js:66:13)
3 error     at Interface.emit (node:events:513:28)
3 error     at Interface._ttyWrite (node:readline:1085:16)
3 error     at ReadStream.onkeypress (node:readline:291:10)
3 error     at ReadStream.emit (node:events:513:28)
3 error     at emitKeys (node:internal/readline/utils:357:14)
3 error     at emitKeys.next (<anonymous>)
3 error     at ReadStream.onData (node:internal/readline/emitKeypressEvents:61:36)
3 error     at ReadStream.emit (node:events:513:28)
3 error     at addChunk (node:internal/streams/readable:315:12)
3 error     at readableAddChunk (node:internal/streams/readable:289:9)
3 error     at ReadStream.Readable.push (node:internal/streams/readable:228:10)
